2024-12-08 00:14:31,892 [main] INFO  Hooks - Cannot invoke "com.aventstack.extentreports.ExtentReports.createTest(String)" because "this.extent" is null
2024-12-08 00:19:55,882 [main] INFO  Hooks - Extent reporting initialized
2024-12-08 00:27:01,393 [main] INFO  Hooks - Extent reporting initialized
2024-12-08 00:36:19,819 [main] INFO  Hooks - Extent reporting initialized
2024-12-08 00:41:58,026 [main] INFO  Hooks - Extent reporting initialized
2024-12-08 00:44:16,787 [main] INFO  Hooks - Extent reporting initialized
2024-12-08 00:52:21,936 [main] INFO  Hooks - Extent reporting initialized
2024-12-08 00:58:24,429 [main] INFO  Hooks - Extent reporting initialized
2024-12-08 01:05:35,301 [main] INFO  Hooks - Extent reporting initialized
2024-12-08 01:11:27,886 [main] INFO  Hooks - Extent reporting initialized
2024-12-08 01:11:37,401 [main] INFO  LoginPage - Entered the text in email field
2024-12-08 01:11:37,693 [main] INFO  LoginPage - Entered the text in password field
2024-12-08 01:11:37,903 [main] INFO  LoginPage - clicked the login button
2024-12-08 01:21:01,128 [main] INFO  Hooks - Extent reporting initialized
2024-12-08 01:21:25,215 [main] INFO  LoginPage - Entered the text in email field
2024-12-08 01:21:25,739 [main] INFO  LoginPage - Entered the text in password field
2024-12-08 01:21:26,249 [main] INFO  LoginPage - clicked the login button
2024-12-08 01:23:52,953 [main] INFO  Hooks - Extent reporting initialized
2024-12-08 01:24:04,796 [main] INFO  LoginPage - Entered the text in email field
2024-12-08 01:24:05,011 [main] INFO  LoginPage - Entered the text in password field
2024-12-08 01:24:05,196 [main] INFO  LoginPage - clicked the login button
2024-12-08 02:13:10,094 [main] INFO  Hooks - Extent reporting initialized
2024-12-08 14:57:42,519 [main] INFO  Hooks - Extent reporting initialized
2024-12-08 14:59:03,196 [main] INFO  Hooks - Extent reporting initialized
2024-12-08 15:03:16,714 [main] INFO  Hooks - Extent reporting initialized
2024-12-08 15:03:19,417 [main] INFO  HomePage - Not clicked dismiss button
2024-12-08 15:03:19,577 [main] INFO  HomePage - Entered the text
2024-12-08 15:07:49,525 [main] INFO  Hooks - Extent reporting initialized
2024-12-08 15:07:52,127 [main] INFO  HomePage - Not clicked dismiss button
2024-12-08 15:07:52,272 [main] INFO  HomePage - Entered the text
2024-12-08 15:09:24,798 [main] INFO  Hooks - Extent reporting initialized
2024-12-08 15:09:32,672 [main] INFO  HomePage - Not clicked dismiss button
2024-12-08 15:15:12,238 [main] INFO  Hooks - Extent reporting initialized
2024-12-08 15:16:49,347 [main] INFO  Hooks - Extent reporting initialized
2024-12-08 15:29:17,763 [main] INFO  Hooks - Extent reporting initialized
2024-12-08 15:29:26,748 [main] INFO  HomePage - Entered the text in email field
2024-12-08 15:29:26,967 [main] INFO  HomePage - Entered the text in password field
2024-12-08 15:29:27,336 [main] INFO  HomePage - clicked the login button
2024-12-08 18:20:59,538 [main] INFO  Hooks - Extent reporting initialized
2024-12-08 19:10:05,814 [main] INFO  Hooks - Extent reporting initialized
2024-12-08 19:10:12,142 [main] INFO  HomePage - Entered the text in search field
2024-12-08 19:17:54,980 [main] INFO  Hooks - Extent reporting initialized
2024-12-08 19:18:00,199 [main] INFO  HomePage - Entered the text in search field
2024-12-08 19:18:00,578 [main] INFO  HomePage - Entered the text in search field
2024-12-09 02:04:15,541 [main] INFO  Hooks - Extent reporting initialized
2024-12-09 02:04:22,779 [main] INFO  HomePage - Entered the text in search field
2024-12-09 02:04:23,177 [main] INFO  HomePage - Entered the text in search field
2024-12-09 03:00:17,978 [main] INFO  Hooks - Extent reporting initialized
2024-12-09 03:00:25,962 [main] INFO  HomePage - Entered the text in search field
2024-12-09 03:00:26,362 [main] INFO  HomePage - clicked search button
2024-12-09 03:00:26,426 [main] INFO  HomePage - Looking for the productname
2024-12-09 03:00:26,524 [main] INFO  Hooks - Extent reporting initialized
2024-12-09 03:00:31,036 [main] INFO  HomePage - Entered the text in search field
2024-12-09 03:00:31,463 [main] INFO  HomePage - clicked search button
2024-12-09 03:13:04,596 [main] INFO  Hooks - Extent reporting initialized
2024-12-09 03:13:10,603 [main] INFO  HomePage - Entered the text in search field
2024-12-09 03:13:10,943 [main] INFO  HomePage - clicked search button
2024-12-09 03:13:11,007 [main] INFO  HomePage - Looking for the productname
2024-12-09 03:13:11,079 [main] INFO  Hooks - Extent reporting initialized
2024-12-09 03:13:15,641 [main] INFO  HomePage - Entered the text in search field
2024-12-09 03:13:16,113 [main] INFO  HomePage - clicked search button
2024-12-09 03:17:50,408 [main] INFO  Hooks - Extent reporting initialized
2024-12-09 03:17:55,483 [main] INFO  HomePage - Entered the text in search field
2024-12-09 03:17:55,903 [main] INFO  HomePage - clicked search button
2024-12-09 03:17:55,965 [main] INFO  HomePage - Looking for the productname
2024-12-09 03:17:56,067 [main] INFO  Hooks - Extent reporting initialized
2024-12-09 03:18:00,729 [main] INFO  HomePage - Entered the text in search field
2024-12-09 03:18:01,163 [main] INFO  HomePage - clicked search button
2024-12-09 03:56:38,187 [main] INFO  Hooks - Extent reporting initialized
2024-12-09 03:56:46,015 [main] INFO  HomePage - Entered the text in search field
2024-12-09 03:56:46,622 [main] INFO  HomePage - clicked search button
2024-12-09 03:56:46,689 [main] INFO  HomePage - Looking for the productname
2024-12-09 03:56:46,823 [main] INFO  Hooks - Extent reporting initialized
2024-12-09 03:56:52,008 [main] INFO  HomePage - Entered the text in search field
2024-12-09 03:56:52,559 [main] INFO  HomePage - clicked search button
2024-12-09 03:57:24,627 [main] INFO  Hooks - Extent reporting initialized
2024-12-09 03:57:30,211 [main] INFO  HomePage - Entered the text in search field
2024-12-09 03:57:30,675 [main] INFO  HomePage - clicked search button
2024-12-09 03:57:30,747 [main] INFO  HomePage - Looking for the productname
2024-12-09 03:57:30,871 [main] INFO  Hooks - Extent reporting initialized
2024-12-09 03:57:36,124 [main] INFO  HomePage - Entered the text in search field
2024-12-09 03:57:36,661 [main] INFO  HomePage - clicked search button
2024-12-09 03:58:28,605 [main] INFO  Hooks - Extent reporting initialized
2024-12-09 03:58:53,728 [main] INFO  Hooks - Extent reporting initialized
2024-12-09 03:58:59,654 [main] INFO  HomePage - Entered the text in search field
2024-12-09 03:59:00,300 [main] INFO  HomePage - clicked search button
2024-12-09 03:59:48,474 [main] INFO  Hooks - Extent reporting initialized
2024-12-09 03:59:55,281 [main] INFO  HomePage - Entered the text in search field
2024-12-09 03:59:55,820 [main] INFO  HomePage - clicked search button
2024-12-09 03:59:55,902 [main] INFO  HomePage - Looking for the productname
2024-12-09 03:59:57,101 [main] INFO  Hooks - Extent reporting initialized
2024-12-09 04:00:03,775 [main] INFO  HomePage - Entered the text in search field
2024-12-09 04:00:04,243 [main] INFO  HomePage - clicked search button
2024-12-09 04:02:00,505 [main] INFO  Hooks - Extent reporting initialized
2024-12-09 04:02:04,770 [main] INFO  HomePage - Entered the text in search field
2024-12-09 04:02:05,129 [main] INFO  HomePage - clicked search button
2024-12-09 04:02:05,191 [main] INFO  HomePage - Looking for the productname
2024-12-09 04:02:05,849 [main] INFO  Hooks - Extent reporting initialized
2024-12-09 04:02:09,395 [main] INFO  HomePage - Entered the text in search field
2024-12-09 04:02:09,581 [main] INFO  HomePage - clicked search button
2024-12-09 04:03:19,194 [main] INFO  Hooks - Extent reporting initialized
2024-12-09 04:03:23,456 [main] INFO  HomePage - Entered the text in search field
2024-12-09 04:03:23,679 [main] INFO  HomePage - clicked search button
2024-12-09 04:06:54,309 [main] INFO  Hooks - Extent reporting initialized
2024-12-09 04:06:58,847 [main] INFO  HomePage - Entered the text in search field
2024-12-09 04:06:59,176 [main] INFO  HomePage - clicked search button
2024-12-09 04:06:59,275 [main] INFO  HomePage - Looking for the productname
2024-12-09 04:06:59,933 [main] INFO  Hooks - Extent reporting initialized
2024-12-09 04:07:03,328 [main] INFO  HomePage - Entered the text in search field
2024-12-09 04:07:03,508 [main] INFO  HomePage - clicked search button
2024-12-09 04:07:31,091 [main] INFO  Hooks - Extent reporting initialized
2024-12-09 04:07:35,272 [main] INFO  HomePage - Entered the text in search field
2024-12-09 04:07:35,410 [main] INFO  HomePage - clicked search button
2024-12-09 04:07:35,454 [main] INFO  HomePage - Looking for the productname
2024-12-09 04:07:36,074 [main] INFO  Hooks - Extent reporting initialized
2024-12-09 04:07:39,373 [main] INFO  HomePage - Entered the text in search field
2024-12-09 04:07:39,580 [main] INFO  HomePage - clicked search button
2024-12-09 04:10:15,498 [main] INFO  Hooks - Extent reporting initialized
2024-12-09 04:10:19,496 [main] INFO  HomePage - Entered the text in search field
2024-12-09 04:10:19,697 [main] INFO  HomePage - clicked search button
2024-12-09 04:10:20,479 [main] INFO  Hooks - Extent reporting initialized
2024-12-09 04:10:23,774 [main] INFO  HomePage - Entered the text in search field
2024-12-09 04:10:23,939 [main] INFO  HomePage - clicked search button
2024-12-09 04:13:47,820 [main] INFO  Hooks - Extent reporting initialized
2024-12-09 04:13:52,889 [main] INFO  HomePage - Entered the text in search field
2024-12-09 04:13:53,078 [main] INFO  HomePage - clicked search button
2024-12-09 04:13:53,933 [main] INFO  Hooks - Extent reporting initialized
2024-12-09 04:13:59,397 [main] INFO  HomePage - Entered the text in search field
2024-12-09 04:13:59,740 [main] INFO  HomePage - clicked search button
2024-12-09 04:34:04,858 [main] INFO  Hooks - Extent reporting initialized for scenario: 
2024-12-09 04:34:09,470 [main] INFO  HomePage - Entered the text in search field
2024-12-09 04:34:09,844 [main] INFO  HomePage - clicked search button
2024-12-09 04:34:09,889 [main] INFO  HomePage - Looking for the productname
2024-12-09 04:34:10,332 [main] INFO  Hooks - Extent reporting initialized for scenario: 
2024-12-09 04:34:16,004 [main] INFO  HomePage - Entered the text in search field
2024-12-09 04:34:16,225 [main] INFO  HomePage - clicked search button
2024-12-09 04:34:16,227 [main] ERROR Hooks - Error during tearDown: Cannot invoke "com.aventstack.extentreports.ExtentTest.log(com.aventstack.extentreports.Status, com.aventstack.extentreports.markuputils.Markup)" because the return value of "java.lang.ThreadLocal.get()" is null
2024-12-09 04:35:50,057 [main] INFO  Hooks - Extent reporting initialized for scenario: 
2024-12-09 04:35:54,742 [main] INFO  HomePage - Entered the text in search field
2024-12-09 04:35:55,100 [main] INFO  HomePage - clicked search button
2024-12-09 04:35:55,189 [main] INFO  HomePage - Looking for the productname
2024-12-09 04:35:55,593 [main] INFO  Hooks - Extent reporting initialized for scenario: 
2024-12-09 04:35:59,389 [main] INFO  HomePage - Entered the text in search field
2024-12-09 04:35:59,741 [main] INFO  HomePage - clicked search button
2024-12-09 04:35:59,741 [main] ERROR Hooks - Error during tearDown: Cannot invoke "com.aventstack.extentreports.ExtentTest.log(com.aventstack.extentreports.Status, com.aventstack.extentreports.markuputils.Markup)" because the return value of "java.lang.ThreadLocal.get()" is null
2024-12-09 12:21:47,054 [main] ERROR Hooks - Error initializing ExtentReports: Test name must not be null or empty
2024-12-09 12:21:47,057 [main] INFO  Hooks - Extent reporting initialized for scenario: 
2024-12-09 12:21:53,993 [main] INFO  HomePage - Entered the text in search field
2024-12-09 12:21:54,137 [main] INFO  HomePage - clicked search button
2024-12-09 12:21:54,159 [main] INFO  HomePage - Looking for the productname
2024-12-09 12:21:54,194 [main] ERROR Hooks - Error during tearDown: Cannot invoke "com.aventstack.extentreports.ExtentTest.log(com.aventstack.extentreports.Status, com.aventstack.extentreports.markuputils.Markup)" because the return value of "java.lang.ThreadLocal.get()" is null
2024-12-09 12:21:54,206 [main] INFO  Hooks - Extent reporting initialized for scenario: 
2024-12-09 12:21:57,355 [main] INFO  HomePage - Entered the text in search field
2024-12-09 12:21:57,475 [main] INFO  HomePage - clicked search button
2024-12-09 12:21:57,475 [main] ERROR Hooks - Error during tearDown: Cannot invoke "com.aventstack.extentreports.ExtentTest.log(com.aventstack.extentreports.Status, com.aventstack.extentreports.markuputils.Markup)" because the return value of "java.lang.ThreadLocal.get()" is null
2024-12-09 12:28:05,299 [main] INFO  Hooks - Extent reporting initialized for scenario: 
2024-12-09 12:28:09,461 [main] INFO  HomePage - Entered the text in search field
2024-12-09 12:28:09,821 [main] INFO  HomePage - clicked search button
2024-12-09 12:28:09,865 [main] INFO  HomePage - Looking for the productname
2024-12-09 12:28:10,454 [main] INFO  Hooks - Extent reporting initialized for scenario: 
2024-12-09 12:28:14,477 [main] INFO  HomePage - Entered the text in search field
2024-12-09 12:28:14,680 [main] INFO  HomePage - clicked search button
2024-12-09 12:32:18,757 [main] INFO  Hooks - Extent reporting initialized for scenario: 
2024-12-09 12:32:34,270 [main] INFO  HomePage - Entered the text in search field
2024-12-09 12:32:34,446 [main] INFO  HomePage - clicked search button
2024-12-09 12:32:34,503 [main] INFO  HomePage - Looking for the productname
2024-12-09 12:32:34,619 [main] ERROR Hooks - Error during tearDown: Cannot invoke "com.aventstack.extentreports.ExtentTest.log(com.aventstack.extentreports.Status, com.aventstack.extentreports.markuputils.Markup)" because the return value of "java.lang.ThreadLocal.get()" is null
2024-12-09 12:33:51,928 [main] INFO  Hooks - Extent reporting initialized for scenario: 
2024-12-09 12:33:57,300 [main] INFO  HomePage - Entered the text in search field
2024-12-09 12:33:57,468 [main] INFO  HomePage - clicked search button
2024-12-09 12:36:51,001 [main] INFO  Hooks - Extent reporting initialized for scenario: 
2024-12-09 12:36:55,368 [main] INFO  HomePage - Entered the text in search field
2024-12-09 12:36:55,478 [main] INFO  HomePage - clicked search button
2024-12-09 12:36:55,504 [main] INFO  HomePage - Looking for the productname
2024-12-09 12:36:56,153 [main] INFO  Hooks - Extent reporting initialized for scenario: 
2024-12-09 12:37:00,159 [main] INFO  HomePage - Entered the text in search field
2024-12-09 12:37:00,300 [main] INFO  HomePage - clicked search button
2024-12-09 12:38:37,976 [main] INFO  Hooks - Extent reporting initialized for scenario: 
2024-12-09 12:38:41,624 [main] INFO  HomePage - Entered the text in search field
2024-12-09 12:38:41,767 [main] INFO  HomePage - clicked search button
2024-12-09 12:38:41,829 [main] INFO  HomePage - Looking for the productname
2024-12-09 12:38:42,462 [main] INFO  Hooks - Extent reporting initialized for scenario: 
2024-12-09 12:38:46,979 [main] INFO  HomePage - Entered the text in search field
2024-12-09 12:38:47,120 [main] INFO  HomePage - clicked search button
2024-12-09 12:40:48,037 [TestNG-test-Test-1] INFO  Hooks - Extent reporting initialized for scenario: 
2024-12-09 12:40:51,974 [TestNG-test-Test-1] INFO  HomePage - Entered the text in search field
2024-12-09 12:40:52,341 [TestNG-test-Test-1] INFO  HomePage - clicked search button
2024-12-09 12:40:52,375 [TestNG-test-Test-1] INFO  HomePage - Looking for the productname
2024-12-09 12:40:52,905 [TestNG-test-Test-1] INFO  Hooks - Extent reporting initialized for scenario: 
2024-12-09 12:40:56,075 [TestNG-test-Test-1] INFO  HomePage - Entered the text in search field
2024-12-09 12:40:56,230 [TestNG-test-Test-1] INFO  HomePage - clicked search button
2024-12-09 12:41:34,136 [TestNG-test-Test-1] INFO  Hooks - Extent reporting initialized for scenario: 
2024-12-09 12:41:37,437 [TestNG-test-Test-1] INFO  HomePage - Entered the text in search field
2024-12-09 12:41:37,551 [TestNG-test-Test-1] INFO  HomePage - clicked search button
2024-12-09 12:41:37,581 [TestNG-test-Test-1] INFO  HomePage - Looking for the productname
2024-12-09 12:41:38,193 [TestNG-test-Test-1] INFO  Hooks - Extent reporting initialized for scenario: 
2024-12-09 12:41:43,648 [TestNG-test-Test-1] INFO  HomePage - Entered the text in search field
2024-12-09 12:41:43,815 [TestNG-test-Test-1] INFO  HomePage - clicked search button
2024-12-09 12:48:02,285 [TestNG-PoolService-2] INFO  Hooks - Extent reporting initialized for scenario: 
2024-12-09 12:48:02,285 [TestNG-PoolService-1] INFO  Hooks - Extent reporting initialized for scenario: 
2024-12-09 12:48:06,835 [TestNG-PoolService-1] INFO  HomePage - Entered the text in search field
2024-12-09 12:48:06,871 [TestNG-PoolService-2] INFO  HomePage - Entered the text in search field
2024-12-09 12:48:07,022 [TestNG-PoolService-1] INFO  HomePage - clicked search button
2024-12-09 12:48:07,044 [TestNG-PoolService-2] INFO  HomePage - clicked search button
2024-12-09 12:48:07,151 [TestNG-PoolService-1] INFO  HomePage - Looking for the productname
2024-12-09 12:48:55,895 [TestNG-PoolService-1] INFO  Hooks - Extent reporting initialized for scenario: 
2024-12-09 12:48:55,895 [TestNG-PoolService-2] INFO  Hooks - Extent reporting initialized for scenario: 
2024-12-09 12:49:00,959 [TestNG-PoolService-1] INFO  HomePage - Entered the text in search field
2024-12-09 12:49:01,142 [TestNG-PoolService-1] INFO  HomePage - clicked search button
2024-12-09 12:49:01,180 [TestNG-PoolService-1] INFO  HomePage - Looking for the productname
2024-12-09 12:49:01,464 [TestNG-PoolService-2] INFO  HomePage - Entered the text in search field
2024-12-09 12:49:01,976 [TestNG-PoolService-2] INFO  HomePage - clicked search button
2024-12-09 12:52:09,573 [TestNG-PoolService-2] INFO  Hooks - Extent reporting initialized for scenario: 
2024-12-09 12:52:09,573 [TestNG-PoolService-1] INFO  Hooks - Extent reporting initialized for scenario: 
2024-12-09 12:52:15,051 [TestNG-PoolService-2] INFO  HomePage - Entered the text in search field
2024-12-09 12:52:15,066 [TestNG-PoolService-1] INFO  HomePage - Entered the text in search field
2024-12-09 12:52:15,335 [TestNG-PoolService-2] INFO  HomePage - clicked search button
2024-12-09 12:52:15,421 [TestNG-PoolService-1] INFO  HomePage - clicked search button
2024-12-09 12:52:15,683 [TestNG-PoolService-1] INFO  HomePage - Looking for the productname
2024-12-09 12:55:55,752 [TestNG-PoolService-2] INFO  Hooks - Extent reporting initialized for scenario: 
2024-12-09 12:55:55,752 [TestNG-PoolService-1] INFO  Hooks - Extent reporting initialized for scenario: 
2024-12-09 12:55:59,540 [TestNG-PoolService-2] INFO  HomePage - Entered the text in search field
2024-12-09 12:55:59,656 [TestNG-PoolService-2] INFO  HomePage - clicked search button
2024-12-09 12:55:59,805 [TestNG-PoolService-1] INFO  HomePage - Entered the text in search field
2024-12-09 12:55:59,929 [TestNG-PoolService-1] INFO  HomePage - clicked search button
2024-12-09 12:55:59,953 [TestNG-PoolService-1] INFO  HomePage - Looking for the productname
2024-12-09 19:11:21,249 [TestNG-PoolService-2] INFO  Hooks - Extent reporting initialized for scenario: 
2024-12-09 19:11:21,249 [TestNG-PoolService-1] INFO  Hooks - Extent reporting initialized for scenario: 
2024-12-09 19:11:29,163 [TestNG-PoolService-1] INFO  HomePage - Entered the text in search field
2024-12-09 19:11:29,534 [TestNG-PoolService-1] INFO  HomePage - clicked search button
2024-12-09 19:11:29,608 [TestNG-PoolService-1] INFO  HomePage - Looking for the productname
2024-12-09 19:11:31,704 [TestNG-PoolService-2] INFO  HomePage - Entered the text in search field
2024-12-09 19:12:12,564 [TestNG-PoolService-1] INFO  Hooks - Extent reporting initialized for scenario: 
2024-12-09 19:12:12,564 [TestNG-PoolService-2] INFO  Hooks - Extent reporting initialized for scenario: 
2024-12-09 19:12:17,785 [TestNG-PoolService-1] INFO  HomePage - Entered the text in search field
2024-12-09 19:12:17,827 [TestNG-PoolService-2] INFO  HomePage - Entered the text in search field
2024-12-09 19:12:18,244 [TestNG-PoolService-1] INFO  HomePage - clicked search button
2024-12-09 19:12:18,345 [TestNG-PoolService-1] INFO  HomePage - Looking for the productname
2024-12-09 19:46:21,257 [TestNG-PoolService-1] INFO  Hooks - Extent reporting initialized for scenario: 
2024-12-09 19:46:21,257 [TestNG-PoolService-2] INFO  Hooks - Extent reporting initialized for scenario: 
2024-12-09 19:46:27,436 [TestNG-PoolService-1] INFO  HomePage - Entered the text in search field
2024-12-09 19:46:27,675 [TestNG-PoolService-2] INFO  HomePage - Entered the text in search field
2024-12-09 19:46:27,835 [TestNG-PoolService-1] INFO  HomePage - clicked search button
2024-12-09 19:46:27,894 [TestNG-PoolService-1] INFO  HomePage - Looking for the productname
2024-12-09 19:46:28,381 [TestNG-PoolService-2] INFO  HomePage - Clicked on add to cart
2024-12-09 19:46:28,455 [TestNG-PoolService-2] INFO  HomePage - Looking for the productname
2024-12-09 19:46:28,735 [TestNG-PoolService-2] INFO  HomePage - Clicked on cart button
2024-12-09 22:42:28,961 [TestNG-PoolService-1] INFO  Hooks - Extent reporting initialized for scenario: 
2024-12-09 22:42:28,961 [TestNG-PoolService-2] INFO  Hooks - Extent reporting initialized for scenario: 
2024-12-09 22:42:38,622 [TestNG-PoolService-1] INFO  HomePage - Entered the text in search field
2024-12-09 22:42:39,254 [TestNG-PoolService-1] INFO  HomePage - clicked search button
2024-12-09 22:42:39,349 [TestNG-PoolService-1] INFO  HomePage - Looking for the productname
2024-12-09 22:42:40,392 [TestNG-PoolService-2] INFO  HomePage - Entered the text in search field
2024-12-09 22:42:41,399 [TestNG-PoolService-2] INFO  HomePage - Clicked on add to cart
2024-12-09 22:42:41,503 [TestNG-PoolService-2] INFO  HomePage - Looking for the productname
2024-12-09 22:42:41,855 [TestNG-PoolService-2] INFO  HomePage - Clicked on cart button
2024-12-09 22:42:42,024 [TestNG-PoolService-2] INFO  HomePage - Tomato
2024-12-10 12:00:44,783 [TestNG-PoolService-2] INFO  Hooks - Extent reporting initialized for scenario: 
2024-12-10 12:00:44,783 [TestNG-PoolService-1] INFO  Hooks - Extent reporting initialized for scenario: 
2024-12-10 12:00:53,171 [TestNG-PoolService-2] INFO  HomePage - Entered the text in search field
2024-12-10 12:00:53,314 [TestNG-PoolService-1] INFO  HomePage - Entered the text in search field
2024-12-10 12:00:53,751 [TestNG-PoolService-1] INFO  HomePage - clicked search button
2024-12-10 12:00:53,806 [TestNG-PoolService-2] INFO  HomePage - Clicked on add to cart
2024-12-10 12:00:53,844 [TestNG-PoolService-1] INFO  HomePage - Looking for the productname
2024-12-10 12:00:53,903 [TestNG-PoolService-2] INFO  HomePage - Looking for the productname
2024-12-10 12:00:54,201 [TestNG-PoolService-2] INFO  HomePage - Clicked on cart button
2024-12-10 12:00:54,322 [TestNG-PoolService-2] INFO  HomePage - Tomato
2024-12-10 12:20:24,249 [TestNG-PoolService-2] INFO  Hooks - Extent reporting initialized for scenario: 
2024-12-10 12:20:24,249 [TestNG-PoolService-1] INFO  Hooks - Extent reporting initialized for scenario: 
2024-12-10 12:20:33,091 [TestNG-PoolService-2] INFO  HomePage - Entered the text in search field
2024-12-10 12:20:33,268 [TestNG-PoolService-1] INFO  HomePage - Entered the text in search field
2024-12-10 12:20:33,805 [TestNG-PoolService-1] INFO  HomePage - clicked search button
2024-12-10 12:20:33,874 [TestNG-PoolService-1] INFO  HomePage - Looking for the productname
2024-12-10 12:20:33,971 [TestNG-PoolService-2] INFO  HomePage - Clicked on add to cart
2024-12-10 12:20:34,075 [TestNG-PoolService-2] INFO  HomePage - Looking for the productname
2024-12-10 12:20:34,390 [TestNG-PoolService-2] INFO  HomePage - Clicked on cart button
2024-12-10 12:20:34,561 [TestNG-PoolService-2] INFO  HomePage - Tomato
2024-12-10 12:37:37,627 [TestNG-PoolService-1] INFO  Hooks - Extent reporting initialized for scenario: 
2024-12-10 12:37:37,627 [TestNG-PoolService-2] INFO  Hooks - Extent reporting initialized for scenario: 
2024-12-10 12:37:44,588 [TestNG-PoolService-1] INFO  HomePage - Entered the text in search field
2024-12-10 12:37:44,596 [TestNG-PoolService-2] INFO  HomePage - Entered the text in search field
2024-12-10 12:37:44,987 [TestNG-PoolService-1] INFO  HomePage - clicked search button
2024-12-10 12:37:45,051 [TestNG-PoolService-1] INFO  HomePage - Looking for the productname
2024-12-10 12:37:45,332 [TestNG-PoolService-2] INFO  HomePage - Clicked on add to cart
2024-12-10 12:37:45,411 [TestNG-PoolService-2] INFO  HomePage - Looking for the productname
2024-12-10 12:37:45,609 [TestNG-PoolService-2] INFO  HomePage - Clicked on cart button
2024-12-10 12:37:45,748 [TestNG-PoolService-2] INFO  HomePage - Tomato
2024-12-10 13:32:04,026 [TestNG-PoolService-1] INFO  Hooks - Extent reporting initialized for scenario: 
2024-12-10 13:32:04,026 [TestNG-PoolService-2] INFO  Hooks - Extent reporting initialized for scenario: 
2024-12-10 13:32:11,893 [TestNG-PoolService-1] INFO  HomePage - Entered the text in search field
2024-12-10 13:32:11,917 [TestNG-PoolService-2] INFO  HomePage - Entered the text in search field
2024-12-10 13:32:12,486 [TestNG-PoolService-1] INFO  HomePage - clicked search button
2024-12-10 13:32:12,574 [TestNG-PoolService-1] INFO  HomePage - Looking for the productname
2024-12-10 13:32:12,671 [TestNG-PoolService-2] INFO  HomePage - Clicked on add to cart
2024-12-10 13:32:12,790 [TestNG-PoolService-2] INFO  HomePage - Looking for the productname
2024-12-10 13:32:13,002 [TestNG-PoolService-2] INFO  HomePage - Clicked on cart button
2024-12-10 13:32:13,096 [TestNG-PoolService-2] INFO  HomePage - Tomato
2024-12-10 13:44:20,644 [TestNG-PoolService-1] INFO  Hooks - Extent reporting initialized for scenario: 
2024-12-10 13:44:20,644 [TestNG-PoolService-2] INFO  Hooks - Extent reporting initialized for scenario: 
2024-12-10 13:44:25,277 [TestNG-PoolService-2] INFO  HomePage - Entered the text in search field
2024-12-10 13:44:25,277 [TestNG-PoolService-1] INFO  HomePage - Entered the text in search field
2024-12-10 13:44:25,697 [TestNG-PoolService-1] INFO  HomePage - clicked search button
2024-12-10 13:44:25,745 [TestNG-PoolService-1] INFO  HomePage - Looking for the productname
2024-12-10 13:44:26,017 [TestNG-PoolService-2] INFO  HomePage - Clicked on add to cart
2024-12-10 13:44:26,079 [TestNG-PoolService-2] INFO  HomePage - Looking for the productname
2024-12-10 13:44:26,265 [TestNG-PoolService-2] INFO  HomePage - Clicked on cart button
2024-12-10 13:44:26,365 [TestNG-PoolService-2] INFO  HomePage - Tomato
2024-12-10 13:45:41,652 [TestNG-PoolService-2] INFO  Hooks - Extent reporting initialized for scenario: 
2024-12-10 13:45:41,652 [TestNG-PoolService-1] INFO  Hooks - Extent reporting initialized for scenario: 
2024-12-10 13:45:47,126 [TestNG-PoolService-1] INFO  HomePage - Entered the text in search field
2024-12-10 13:45:47,159 [TestNG-PoolService-2] INFO  HomePage - Entered the text in search field
2024-12-10 13:45:47,508 [TestNG-PoolService-1] INFO  HomePage - clicked search button
2024-12-10 13:45:47,627 [TestNG-PoolService-1] INFO  HomePage - Looking for the productname
2024-12-10 13:45:47,909 [TestNG-PoolService-2] INFO  HomePage - Clicked on add to cart
2024-12-10 13:45:47,963 [TestNG-PoolService-2] INFO  HomePage - Looking for the productname
2024-12-10 13:45:48,167 [TestNG-PoolService-2] INFO  HomePage - Clicked on cart button
2024-12-10 13:45:48,270 [TestNG-PoolService-2] INFO  HomePage - Tomato
